Performing C SOURCE FILE Test CMAKE_HAVE_LIBC_PTHREAD failed with the following output:
Change Dir: /home/robot/robot_ws/bullet3_robot_control/build/CMakeFiles/CMakeTmp

Run Build Command(s):/usr/bin/make cmTC_86aa0/fast && /usr/bin/make -f CMakeFiles/cmTC_86aa0.dir/build.make CMakeFiles/cmTC_86aa0.dir/build
make[1]: Entering directory '/home/robot/robot_ws/bullet3_robot_control/build/CMakeFiles/CMakeTmp'
Building C object CMakeFiles/cmTC_86aa0.dir/src.c.o
/usr/bin/cc   -DCMAKE_HAVE_LIBC_PTHREAD   -o CMakeFiles/cmTC_86aa0.dir/src.c.o   -c /home/robot/robot_ws/bullet3_robot_control/build/CMakeFiles/CMakeTmp/src.c
Linking C executable cmTC_86aa0
/usr/bin/cmake -E cmake_link_script CMakeFiles/cmTC_86aa0.dir/link.txt --verbose=1
/usr/bin/cc  -DCMAKE_HAVE_LIBC_PTHREAD    -rdynamic CMakeFiles/cmTC_86aa0.dir/src.c.o  -o cmTC_86aa0 
/usr/bin/ld: CMakeFiles/cmTC_86aa0.dir/src.c.o: in function `main':
src.c:(.text+0x46): undefined reference to `pthread_create'
/usr/bin/ld: src.c:(.text+0x52): undefined reference to `pthread_detach'
/usr/bin/ld: src.c:(.text+0x63): undefined reference to `pthread_join'
collect2: error: ld returned 1 exit status
make[1]: *** [CMakeFiles/cmTC_86aa0.dir/build.make:87: cmTC_86aa0] Error 1
make[1]: Leaving directory '/home/robot/robot_ws/bullet3_robot_control/build/CMakeFiles/CMakeTmp'
make: *** [Makefile:121: cmTC_86aa0/fast] Error 2


Source file was:
#include <pthread.h>

void* test_func(void* data)
{
  return data;
}

int main(void)
{
  pthread_t thread;
  pthread_create(&thread, NULL, test_func, NULL);
  pthread_detach(thread);
  pthread_join(thread, NULL);
  pthread_atfork(NULL, NULL, NULL);
  pthread_exit(NULL);

  return 0;
}

Determining if the function pthread_create exists in the pthreads failed with the following output:
Change Dir: /home/robot/robot_ws/bullet3_robot_control/build/CMakeFiles/CMakeTmp

Run Build Command(s):/usr/bin/make cmTC_1a149/fast && /usr/bin/make -f CMakeFiles/cmTC_1a149.dir/build.make CMakeFiles/cmTC_1a149.dir/build
make[1]: Entering directory '/home/robot/robot_ws/bullet3_robot_control/build/CMakeFiles/CMakeTmp'
Building C object CMakeFiles/cmTC_1a149.dir/CheckFunctionExists.c.o
/usr/bin/cc   -DCHECK_FUNCTION_EXISTS=pthread_create   -o CMakeFiles/cmTC_1a149.dir/CheckFunctionExists.c.o   -c /usr/share/cmake-3.16/Modules/CheckFunctionExists.c
Linking C executable cmTC_1a149
/usr/bin/cmake -E cmake_link_script CMakeFiles/cmTC_1a149.dir/link.txt --verbose=1
/usr/bin/cc  -DCHECK_FUNCTION_EXISTS=pthread_create    -rdynamic CMakeFiles/cmTC_1a149.dir/CheckFunctionExists.c.o  -o cmTC_1a149  -lpthreads 
/usr/bin/ld: cannot find -lpthreads
collect2: error: ld returned 1 exit status
make[1]: *** [CMakeFiles/cmTC_1a149.dir/build.make:87: cmTC_1a149] Error 1
make[1]: Leaving directory '/home/robot/robot_ws/bullet3_robot_control/build/CMakeFiles/CMakeTmp'
make: *** [Makefile:121: cmTC_1a149/fast] Error 2



Performing C SOURCE FILE Test CMAKE_HAVE_LIBC_PTHREAD failed with the following output:
Change Dir: /home/robot/robot_ws/bullet3_robot_control/build/CMakeFiles/CMakeTmp

Run Build Command(s):/usr/bin/make cmTC_994dc/fast && /usr/bin/make -f CMakeFiles/cmTC_994dc.dir/build.make CMakeFiles/cmTC_994dc.dir/build
make[1]: Entering directory '/home/robot/robot_ws/bullet3_robot_control/build/CMakeFiles/CMakeTmp'
Building C object CMakeFiles/cmTC_994dc.dir/src.c.o
/usr/bin/cc   -DCMAKE_HAVE_LIBC_PTHREAD   -o CMakeFiles/cmTC_994dc.dir/src.c.o   -c /home/robot/robot_ws/bullet3_robot_control/build/CMakeFiles/CMakeTmp/src.c
Linking C executable cmTC_994dc
/usr/bin/cmake -E cmake_link_script CMakeFiles/cmTC_994dc.dir/link.txt --verbose=1
/usr/bin/cc  -DCMAKE_HAVE_LIBC_PTHREAD    -rdynamic CMakeFiles/cmTC_994dc.dir/src.c.o  -o cmTC_994dc 
/usr/bin/ld: CMakeFiles/cmTC_994dc.dir/src.c.o: in function `main':
src.c:(.text+0x46): undefined reference to `pthread_create'
/usr/bin/ld: src.c:(.text+0x52): undefined reference to `pthread_detach'
/usr/bin/ld: src.c:(.text+0x63): undefined reference to `pthread_join'
collect2: error: ld returned 1 exit status
make[1]: *** [CMakeFiles/cmTC_994dc.dir/build.make:87: cmTC_994dc] Error 1
make[1]: Leaving directory '/home/robot/robot_ws/bullet3_robot_control/build/CMakeFiles/CMakeTmp'
make: *** [Makefile:121: cmTC_994dc/fast] Error 2


Source file was:
#include <pthread.h>

void* test_func(void* data)
{
  return data;
}

int main(void)
{
  pthread_t thread;
  pthread_create(&thread, NULL, test_func, NULL);
  pthread_detach(thread);
  pthread_join(thread, NULL);
  pthread_atfork(NULL, NULL, NULL);
  pthread_exit(NULL);

  return 0;
}

Determining if the function pthread_create exists in the pthreads failed with the following output:
Change Dir: /home/robot/robot_ws/bullet3_robot_control/build/CMakeFiles/CMakeTmp

Run Build Command(s):/usr/bin/make cmTC_976bd/fast && /usr/bin/make -f CMakeFiles/cmTC_976bd.dir/build.make CMakeFiles/cmTC_976bd.dir/build
make[1]: Entering directory '/home/robot/robot_ws/bullet3_robot_control/build/CMakeFiles/CMakeTmp'
Building C object CMakeFiles/cmTC_976bd.dir/CheckFunctionExists.c.o
/usr/bin/cc   -DCHECK_FUNCTION_EXISTS=pthread_create   -o CMakeFiles/cmTC_976bd.dir/CheckFunctionExists.c.o   -c /usr/share/cmake-3.16/Modules/CheckFunctionExists.c
Linking C executable cmTC_976bd
/usr/bin/cmake -E cmake_link_script CMakeFiles/cmTC_976bd.dir/link.txt --verbose=1
/usr/bin/cc  -DCHECK_FUNCTION_EXISTS=pthread_create    -rdynamic CMakeFiles/cmTC_976bd.dir/CheckFunctionExists.c.o  -o cmTC_976bd  -lpthreads 
/usr/bin/ld: cannot find -lpthreads
collect2: error: ld returned 1 exit status
make[1]: *** [CMakeFiles/cmTC_976bd.dir/build.make:87: cmTC_976bd] Error 1
make[1]: Leaving directory '/home/robot/robot_ws/bullet3_robot_control/build/CMakeFiles/CMakeTmp'
make: *** [Makefile:121: cmTC_976bd/fast] Error 2



